[00:00:03] [Server thread/INFO] [net.minecraft.server.dedicated.DedicatedServer]: Maduro_corrupto was doomed to fall
[00:00:05] [Thread-486/INFO] [STDOUT]: [com.lycanitesmobs.LycanitesMobs:logInfo:278]: [LycanitesMobs] [Info] [] Online familiars loaded successfully for 7709daaf-26a0-4dd9-8cf7-27bc81a59e48.
[00:00:06] [Server thread/INFO] [net.minecraft.server.dedicated.DedicatedServer]: [Maduro_corrupto: Teleported Maduro_corrupto to 4710.5, 76.5, 9583.5]
[00:00:26] [Server thread/INFO] [net.minecraft.server.dedicated.DedicatedServer]: [Maduro_corrupto: Teleported Maduro_corrupto to 4710.5, 111.5, 9582.5]
[00:00:50] [Server thread/INFO] [net.minecraft.server.dedicated.DedicatedServer]: [Maduro_corrupto: Teleported Maduro_corrupto to 4710.5, 111.5, 9582.5]
[00:01:21] [Server thread/INFO] [net.minecraft.server.dedicated.DedicatedServer]: [Maduro_corrupto: Teleported Maduro_corrupto to 4709.5, 114.5, 9582.5]
[00:01:25] [Server thread/INFO] [net.minecraft.server.dedicated.DedicatedServer]: [Maduro_corrupto: Teleported Maduro_corrupto to 4709.5, 114.5, 9582.5]
[00:02:02] [Server thread/INFO] [net.minecraft.server.dedicated.DedicatedServer]: [Maduro_corrupto: Teleported Maduro_corrupto to 4709.5, 114.5, 9582.5]
[00:02:04] [Server thread/INFO] [net.minecraft.server.dedicated.DedicatedServer]: Maduro_corrupto was doomed to fall
[00:02:07] [Server thread/INFO] [net.minecraft.server.dedicated.DedicatedServer]: [Maduro_corrupto: Teleported Maduro_corrupto to 4709.5, 88.5, 9582.5]
[00:02:25] [Server thread/INFO] [net.minecraft.server.dedicated.DedicatedServer]: [Maduro_corrupto: Teleported Maduro_corrupto to 4709.5, 114.5, 9582.5]
[00:02:39] [Server thread/INFO] [net.minecraft.server.dedicated.DedicatedServer]: [MrPotatto03: Teleported MrPotatto03 to 6168.5, 60.5, 9350.5]
[00:03:14] [Server thread/INFO] [net.minecraft.server.dedicated.DedicatedServer]: [Maduro_corrupto: Teleported Maduro_corrupto to 6161.5, 60.5, 9351.5]
[00:03:44] [Server thread/INFO] [net.minecraft.server.dedicated.DedicatedServer]: [Maduro_corrupto: Teleported Maduro_corrupto to 4709.5, 98.5, 9582.5]
[00:04:00] [Server thread/INFO] [net.minecraft.server.dedicated.DedicatedServer]: [Maduro_corrupto: Teleported Maduro_corrupto to 4709.5, 98.5, 9582.5]
[00:04:00] [Server thread/WARN] [net.minecraft.network.NetHandlerPlayServer]: Maduro_corrupto moved too quickly! 8.803512346084972,-8.085888624191284,1.9510091145839397
[00:04:00] [Server thread/WARN] [net.minecraft.network.NetHandlerPlayServer]: Maduro_corrupto moved too quickly! 8.16638796731786,-7.982535759607956,1.9691569010410603
[00:04:06] [Server thread/INFO] [net.minecraft.server.dedicated.DedicatedServer]: [Maduro_corrupto: Teleported Maduro_corrupto to 4709.5, 98.5, 9582.5]
[00:05:21] [Server thread/INFO] [net.minecraft.server.dedicated.DedicatedServer]: [Maduro_corrupto: Teleported Maduro_corrupto to 3239.5, 123.5, 8970.5]
[00:05:23] [Server thread/INFO] [net.minecraft.server.dedicated.DedicatedServer]: Maduro_corrupto was doomed to fall
[00:05:34] [Server thread/INFO] [net.minecraft.server.dedicated.DedicatedServer]: [Maduro_corrupto: Teleported Maduro_corrupto to 3239.5, 123.5, 8970.5]
[00:05:36] [Server thread/INFO] [net.minecraft.server.dedicated.DedicatedServer]: Maduro_corrupto fell from a high place
[00:05:41] [Server thread/INFO] [net.minecraft.server.dedicated.DedicatedServer]: [Maduro_corrupto: Teleported Maduro_corrupto to 3239.5, 123.5, 8970.5]
[00:05:43] [Server thread/INFO] [net.minecraft.server.dedicated.DedicatedServer]: Maduro_corrupto fell from a high place
[00:05:48] [Server thread/INFO] [net.minecraft.server.dedicated.DedicatedServer]: [Maduro_corrupto: Teleported Maduro_corrupto to 3239.5, 82.5, 8970.5]
[00:06:25] [Server thread/INFO] [net.minecraft.server.dedicated.DedicatedServer]: [Maduro_corrupto: Teleported Maduro_corrupto to 3239.5, 123.5, 8970.5]
[00:06:27] [Server thread/INFO] [net.minecraft.server.dedicated.DedicatedServer]: Maduro_corrupto was doomed to fall by Creeper
[00:06:31] [Server thread/INFO] [net.minecraft.server.dedicated.DedicatedServer]: [Maduro_corrupto: Teleported Maduro_corrupto to 3239.5, 82.5, 8970.5]
[00:06:31] [Server thread/WARN] [net.minecraft.entity.EntityTrackerEntry]: Fetching addPacket for removed entity
[00:07:06] [Server thread/INFO] [net.minecraft.server.dedicated.DedicatedServer]: [Maduro_corrupto: Teleported Maduro_corrupto to 6161.5, 60.5, 9351.5]
[00:07:33] [Server thread/INFO] [net.minecraft.server.dedicated.DedicatedServer]: [Maduro_corrupto: Teleported Maduro_corrupto to 3237.5, 74.5, 8971.5]
[00:07:37] [Server thread/INFO] [net.minecraft.server.dedicated.DedicatedServer]: <Maduro_corrupto> cual?
[00:08:02] [Server thread/INFO] [net.minecraft.server.dedicated.DedicatedServer]: [Maduro_corrupto: Teleported Maduro_corrupto to 4709.5, 98.5, 9582.5]
[00:08:30] [Server thread/INFO] [net.minecraft.server.dedicated.DedicatedServer]: [MrPotatto03: Teleported MrPotatto03 to 4712.5, 66.5, 9570.5]
[00:09:25] [Server thread/INFO] [net.minecraft.server.dedicated.DedicatedServer]: [Maduro_corrupto: Teleported Maduro_corrupto to MrPotatto03]
[00:10:02] [Server thread/INFO] [net.minecraft.server.dedicated.DedicatedServer]: <Maduro_corrupto> ando pelado
[00:11:11] [Server thread/INFO] [net.minecraft.server.dedicated.DedicatedServer]: [Maduro_corrupto: Teleported Maduro_corrupto to 6161.5, 60.5, 9351.5]
[00:11:25] [Server thread/INFO] [net.minecraft.server.dedicated.DedicatedServer]: [Maduro_corrupto: Teleported Maduro_corrupto to 4715.5, 83.5, 9570.5]
[00:12:38] [Server thread/INFO] [net.minecraft.server.dedicated.DedicatedServer]: [Maduro_corrupto: Teleported Maduro_corrupto to 5958.5, 10.5, 9425.5]
[00:12:41] [Server thread/INFO] [net.minecraft.server.dedicated.DedicatedServer]: [Maduro_corrupto: Teleported Maduro_corrupto to 6161.5, 60.5, 9351.5]
[00:13:12] [Server thread/INFO] [net.minecraft.server.dedicated.DedicatedServer]: [MrPotatto03: Teleported MrPotatto03 to 6168.5, 60.5, 9350.5]
[00:13:41] [Server thread/INFO] [net.minecraft.server.dedicated.DedicatedServer]: [Maduro_corrupto: Teleported Maduro_corrupto to 4715.5, 83.5, 9570.5]
[00:15:37] [Server thread/INFO] [net.minecraft.server.dedicated.DedicatedServer]: [Maduro_corrupto: Teleported Maduro_corrupto to 6161.5, 60.5, 9351.5]
[00:17:24] [Server thread/INFO] [net.minecraft.server.dedicated.DedicatedServer]: [Maduro_corrupto: Teleported Maduro_corrupto to 4715.5, 83.5, 9570.5]
[00:18:17] [Server thread/INFO] [net.minecraft.server.dedicated.DedicatedServer]: [MrPotatto03: Teleported MrPotatto03 to 4712.5, 66.5, 9570.5]
[00:20:09] [Server thread/INFO] [net.minecraft.server.dedicated.DedicatedServer]: [Maduro_corrupto: Teleported Maduro_corrupto to 6161.5, 60.5, 9351.5]
[00:20:34] [Server thread/INFO] [net.minecraft.server.dedicated.DedicatedServer]: [MrPotatto03: Teleported MrPotatto03 to 6168.5, 60.5, 9350.5]
[00:20:39] [Server thread/INFO] [net.minecraft.server.dedicated.DedicatedServer]: <Maduro_corrupto> zzz
[00:21:15] [Server thread/INFO] [net.minecraft.server.dedicated.DedicatedServer]: <MrPotatto03> zzzzzzzzzzzzzzzzzzzzz
[00:22:36] [Server thread/INFO] [net.minecraft.server.dedicated.DedicatedServer]: <Maduro_corrupto> le recomiendo la javalina]
[00:22:44] [Server thread/INFO] [net.minecraft.server.dedicated.DedicatedServer]: <Maduro_corrupto> re buena
[00:22:59] [Server thread/INFO] [net.minecraft.server.dedicated.DedicatedServer]: <Maduro_corrupto> una lanzada mete 21
[00:23:35] [Server thread/INFO] [net.minecraft.server.dedicated.DedicatedServer]: [Maduro_corrupto: Teleported Maduro_corrupto to 4713.5, 95.5, 9570.5]
[00:23:51] [Server thread/INFO] [net.minecraft.server.dedicated.DedicatedServer]: [MrPotatto03: Teleported MrPotatto03 to 4712.5, 66.5, 9570.5]
[00:26:27] [Server thread/INFO] [net.minecraft.server.dedicated.DedicatedServer]: <Maduro_corrupto> sin miedo
[00:27:57] [Server thread/INFO] [net.minecraft.server.dedicated.DedicatedServer]: <Maduro_corrupto> desaparecio el cofre
[00:28:04] [Server thread/INFO] [net.minecraft.server.dedicated.DedicatedServer]: [Maduro_corrupto: Teleported Maduro_corrupto to 6161.5, 60.5, 9351.5]
[00:28:32] [Server thread/INFO] [net.minecraft.server.dedicated.DedicatedServer]: [MrPotatto03: Teleported MrPotatto03 to 6168.5, 60.5, 9350.5]
[00:29:02] [Server thread/INFO] [net.minecraft.server.dedicated.DedicatedServer]: [Maduro_corrupto: Teleported Maduro_corrupto to 4712.5, 122.5, 9570.5]
[00:29:23] [Server thread/INFO] [net.minecraft.server.dedicated.DedicatedServer]: [Maduro_corrupto: Teleported Maduro_corrupto to 6161.5, 60.5, 9351.5]
[00:29:51] [Server thread/INFO] [net.minecraft.server.dedicated.DedicatedServer]: [Maduro_corrupto: Teleported Maduro_corrupto to 4712.5, 122.5, 9570.5]
[00:29:55] [Server thread/INFO] [net.minecraft.server.dedicated.DedicatedServer]: <Maduro_corrupto> venga
[00:29:58] [Server thread/INFO] [net.minecraft.server.dedicated.DedicatedServer]: <Maduro_corrupto> vea esto
[00:30:10] [Server thread/INFO] [net.minecraft.server.dedicated.DedicatedServer]: [MrPotatto03: Teleported MrPotatto03 to Maduro_corrupto]
[00:30:16] [Server thread/INFO] [net.minecraft.server.dedicated.DedicatedServer]: <Maduro_corrupto> tenga el tp preparado
[00:30:43] [Server thread/INFO] [net.minecraft.server.dedicated.DedicatedServer]: MrPotatto03 was slain by Zombie
[00:30:45] [Thread-534/INFO] [STDOUT]: [com.lycanitesmobs.LycanitesMobs:logInfo:278]: [LycanitesMobs] [Info] [] Online familiars loaded successfully for 8632b6e3-9649-4f4d-9064-ee12afc64f0f.
[00:30:56] [Server thread/INFO] [net.minecraft.server.dedicated.DedicatedServer]: [MrPotatto03: Teleported MrPotatto03 to Maduro_corrupto]
[00:31:03] [Server thread/INFO] [net.minecraft.server.dedicated.DedicatedServer]: [MrPotatto03: Teleported MrPotatto03 to 4712.5, 66.5, 9570.5]
[00:31:28] [Server thread/INFO] [net.minecraft.server.dedicated.DedicatedServer]: [Maduro_corrupto: Teleported Maduro_corrupto to 6161.5, 60.5, 9351.5]
[00:31:47] [Server thread/INFO] [net.minecraft.server.dedicated.DedicatedServer]: Maduro_corrupto starved to death
[00:31:49] [Thread-537/INFO] [STDOUT]: [com.lycanitesmobs.LycanitesMobs:logInfo:278]: [LycanitesMobs] [Info] [] Online familiars loaded successfully for 7709daaf-26a0-4dd9-8cf7-27bc81a59e48.
[00:32:02] [Server thread/INFO] [net.minecraft.server.dedicated.DedicatedServer]: MrPotatto03 was slain by Zombie
[00:32:06] [Server thread/INFO] [net.minecraft.server.dedicated.DedicatedServer]: [Maduro_corrupto: Teleported Maduro_corrupto to 4712.5, 122.5, 9570.5]
[00:32:15] [Server thread/INFO] [net.minecraft.server.dedicated.DedicatedServer]: <Maduro_corrupto> venga
[00:32:21] [Server thread/INFO] [net.minecraft.server.dedicated.DedicatedServer]: <Maduro_corrupto> ta libre arriba
[00:32:22] [Server thread/INFO] [net.minecraft.server.dedicated.DedicatedServer]: [MrPotatto03: Teleported MrPotatto03 to 4712.5, 66.5, 9570.5]
[00:32:28] [Server thread/INFO] [net.minecraft.server.dedicated.DedicatedServer]: [MrPotatto03: Teleported MrPotatto03 to Maduro_corrupto]
[00:33:04] [Server thread/INFO] [net.minecraft.server.dedicated.DedicatedServer]: [Maduro_corrupto: Teleported Maduro_corrupto to 4712.5, 122.5, 9570.5]
[00:33:26] [Server thread/INFO] [net.minecraft.server.dedicated.DedicatedServer]: [Maduro_corrupto: Teleported Maduro_corrupto to 4712.5, 122.5, 9570.5]
[00:33:27] [Server thread/INFO] [net.minecraft.server.dedicated.DedicatedServer]: [MrPotatto03: Teleported MrPotatto03 to 4712.5, 66.5, 9570.5]
[00:34:05] [Server thread/INFO] [net.minecraft.server.dedicated.DedicatedServer]: [Maduro_corrupto: Teleported Maduro_corrupto to 6161.5, 60.5, 9351.5]
[00:34:08] [Server thread/INFO] [net.minecraft.server.dedicated.DedicatedServer]: MrPotatto03 was slain by Zombie
[00:34:18] [Server thread/INFO] [net.minecraft.server.dedicated.DedicatedServer]: <Maduro_corrupto> zzz
[00:34:34] [Server thread/INFO] [net.minecraft.server.dedicated.DedicatedServer]: <Maduro_corrupto> zzzzzz
[00:34:39] [Server thread/INFO] [net.minecraft.server.dedicated.DedicatedServer]: [Maduro_corrupto: Teleported Maduro_corrupto to 4712.5, 122.5, 9570.5]
[00:34:47] [Server thread/INFO] [net.minecraft.server.dedicated.DedicatedServer]: [MrPotatto03: Teleported MrPotatto03 to 4715.5, 125.5, 9570.5]
[00:34:53] [Server thread/INFO] [net.minecraft.server.dedicated.DedicatedServer]: [Maduro_corrupto: Teleported Maduro_corrupto to 4712.5, 122.5, 9570.5]
[00:35:40] [Server thread/INFO] [net.minecraft.server.dedicated.DedicatedServer]: MrPotatto03 was shot by Skeleton
[00:35:42] [Server thread/INFO] [net.minecraft.server.dedicated.DedicatedServer]: [Maduro_corrupto: Teleported Maduro_corrupto to 4712.5, 122.5, 9570.5]
[00:35:52] [Server thread/INFO] [net.minecraft.server.dedicated.DedicatedServer]: <Maduro_corrupto> adonde ocupa ayuda
[00:35:53] [Server thread/INFO] [net.minecraft.server.dedicated.DedicatedServer]: [MrPotatto03: Teleported MrPotatto03 to 4715.5, 125.5, 9570.5]
[00:36:15] [Server thread/INFO] [net.minecraft.server.dedicated.DedicatedServer]: MrPotatto03 was blown up by Battletower Golem
[00:36:33] [Server thread/INFO] [net.minecraft.server.dedicated.DedicatedServer]: [MrPotatto03: Teleported MrPotatto03 to 4712.5, 66.5, 9570.5]
[00:37:12] [Server thread/INFO] [net.minecraft.server.dedicated.DedicatedServer]: [Maduro_corrupto: Teleported Maduro_corrupto to 6161.5, 60.5, 9351.5]
[00:37:22] [Server thread/INFO] [net.minecraft.server.dedicated.DedicatedServer]: <Maduro_corrupto> ya vi su cuerpo
[00:38:48] [Server thread/INFO] [net.minecraft.server.dedicated.DedicatedServer]: <Maduro_corrupto> ya lo tiene?
[00:39:31] [Server thread/INFO] [net.minecraft.server.dedicated.DedicatedServer]: [Maduro_corrupto: Teleported Maduro_corrupto to 4712.5, 122.5, 9570.5]
[00:39:36] [Server thread/INFO] [net.minecraft.server.dedicated.DedicatedServer]: Maduro_corrupto was slain by Zombie
[00:39:42] [Server thread/INFO] [net.minecraft.server.dedicated.DedicatedServer]: [Maduro_corrupto: Teleported Maduro_corrupto to 4708.5, 118.5, 9570.5]
[00:39:54] [Server thread/INFO] [net.minecraft.server.dedicated.DedicatedServer]: Maduro_corrupto was slain by Tremor
[00:40:00] [Server thread/INFO] [net.minecraft.server.dedicated.DedicatedServer]: [Maduro_corrupto: Teleported Maduro_corrupto to 4708.5, 120.5, 9570.5]
[00:40:31] [Server thread/INFO] [net.minecraft.server.dedicated.DedicatedServer]: [MrPotatto03: Teleported MrPotatto03 to 4715.5, 125.5, 9570.5]
[00:40:44] [Server thread/INFO] [net.minecraft.server.dedicated.DedicatedServer]: [Maduro_corrupto: Teleported Maduro_corrupto to 6161.5, 60.5, 9351.5]
[00:41:17] [Server thread/INFO] [net.minecraft.server.dedicated.DedicatedServer]: [Maduro_corrupto: Teleported Maduro_corrupto to 4712.5, 122.5, 9570.5]
[00:41:51] [Server thread/INFO] [net.minecraft.network.NetHandlerPlayServer]: Maduro_corrupto lost connection: Timed out
[00:41:51] [Server thread/INFO] [net.minecraft.server.dedicated.DedicatedServer]: Maduro_corrupto left the game
[00:43:15] [Server thread/INFO] [net.minecraft.server.dedicated.DedicatedServer]: [MrPotatto03: Teleported MrPotatto03 to 6168.5, 60.5, 9350.5]
[00:45:29] [Server thread/INFO] [FML]: Loading dimension -1 (El mundo de maduro) (net.minecraft.server.dedicated.DedicatedServer@43341f49)
[00:45:29] [Server thread/INFO] [globalgamerules]: Applying config gamerules to dimension -1 (El mundo de maduro)
[00:45:29] [Server thread/INFO] [globalgamerules]: Setting difficulty of dimension -1 (El mundo de maduro) to HARD
[00:45:29] [Server thread/INFO] [STDOUT]: [atomicstryker.ruins.common.ChunkLoggerData:func_76184_a:24]: Ruins chunks logged: 762
[00:45:29] [Server thread/INFO] [dsurround]: Creating NETHER weather generator for dimension [the_nether]
[00:45:30] [Server thread/INFO] [globalgamerules]: Saving gamerules of dimension -1 (El mundo de maduro) to config
[00:45:31] [Server thread/INFO] [FML]: Unloading dimension -1
[00:47:03] [Server thread/INFO] [net.minecraft.server.dedicated.DedicatedServer]: [MrPotatto03: Teleported MrPotatto03 to 6168.5, 60.5, 9350.5]
[00:52:07] [Server thread/INFO] [net.minecraft.server.dedicated.DedicatedServer]: [MrPotatto03: Teleported MrPotatto03 to 6168.5, 60.5, 9350.5]
[01:04:18] [Server thread/INFO] [net.minecraft.network.NetHandlerPlayServer]: MrPotatto03 lost connection: Disconnected
[01:04:18] [Server thread/INFO] [net.minecraft.server.dedicated.DedicatedServer]: MrPotatto03 left the game
[03:18:39] [Server thread/INFO] [STDOUT]: [com.lycanitesmobs.LycanitesMobs:logInfo:278]: [LycanitesMobs] [Info] [] Mob Event Started: Winters Grasp In Dimension: 0 Duration: 60secs
[03:19:39] [Server thread/INFO] [STDOUT]: [com.lycanitesmobs.LycanitesMobs:logInfo:278]: [LycanitesMobs] [Info] [] Mob Event Finished: Winters Grasp
[10:27:02] [Server thread/INFO] [STDOUT]: [com.lycanitesmobs.LycanitesMobs:logInfo:278]: [LycanitesMobs] [Info] [] Mob Event Started: Boulderdash In Dimension: 0 Duration: 60secs
[10:28:02] [Server thread/INFO] [STDOUT]: [com.lycanitesmobs.LycanitesMobs:logInfo:278]: [LycanitesMobs] [Info] [] Mob Event Finished: Boulderdash
[11:02:49] [Server thread/INFO] [net.minecraft.server.dedicated.DedicatedServer]: Stopping the server
[11:02:49] [Server thread/INFO] [AUW]: Stopping DS...
[11:02:49] [Server thread/INFO] [net.minecraft.server.MinecraftServer]: Stopping server
[11:02:49] [Server thread/INFO] [net.minecraft.server.MinecraftServer]: Saving players
[11:02:49] [Server thread/INFO] [net.minecraft.server.MinecraftServer]: Saving worlds
[11:02:49] [Server thread/INFO] [net.minecraft.server.MinecraftServer]: Saving chunks for level 'El mundo de maduro'/overworld
[11:02:49] [Server thread/INFO] [globalgamerules]: Saving gamerules of dimension 0 (El mundo de maduro) to config
[11:02:49] [Server thread/INFO] [FML]: Unloading dimension 0
[11:02:49] [Server Shutdown Thread/INFO] [net.minecraft.server.MinecraftServer]: Stopping server
